{"level":"info","message":"------ Server running on port 3001"}
{"level":"info","message":"------ Server running on port 3001"}
2024-04-21T04:59:49.659Z - [INFO   ] - ------ Server running on port 3001
2024-04-21T05:00:11.978Z - [INFO   ] - ------ Server running on port 3001
2024-04-21T05:00:46.775Z - [INFO   ] - Server running on port 3001
2024-04-21T05:02:17.839Z - [   INFO] - Server running on port 3001
2024-04-21T05:02:28.371Z - [INFO] - Server running on port 3001
2024-04-21T05:02:44.224Z - [INFO] - Server running on port 3001
2024-04-21T05:02:53.866Z - [INFO   ] - Server running on port 3001
2024-04-21T05:03:04.654Z - [INFO] - Server running on port 3001
2024-04-21T05:03:12.592Z - [INFO] - Server running on port 3001
2024-04-21T05:03:18.740Z - [INFO ] - Server running on port 3001
2024-04-21T05:03:24.282Z - [INFO ] - Server running on port 3001
2024-04-21T05:03:31.494Z - [INFO ] - Server running on port 3001
2024-04-21T05:03:36.116Z - [INFO ] - Server running on port 3001
2024-04-21T05:03:40.487Z - [INFO ] - Server running on port 3001
2024-04-21T05:03:46.115Z - [ INFO] - Server running on port 3001
2024-04-21T05:03:52.742Z - [ INFO ] - Server running on port 3001
2024-04-21T05:04:21.568Z - [ INFO ] - Server running on port 3001
2024-04-21T05:05:17.640Z - [ INFO ] - Server running on port 3001
2024-04-21T05:06:33.641Z - [ INFO ] - Server running on port 3001
2024-04-21T05:06:55.167Z - [ INFO ] - Server running on port 3001
2024-04-21T05:07:01.006Z - [ INFO ] - Server running on port 3001
2024-04-21T05:08:24.161Z - [ INFO ] - Server running on port 3001
2024-04-21T05:08:24.244Z - [ INFO ] - All Good!!
2024-04-21T05:08:34.961Z - [ INFO ] - Server running on port 3001
2024-04-21T05:08:35.046Z - [ INFO ] - All Good!!
2024-04-21T05:09:07.037Z - [ INFO ] - Server running on port 3001
2024-04-21T05:09:07.151Z - [ INFO ] - All Good!!
2024-04-21T05:09:14.936Z - [ INFO ] - Server running on port 3001
2024-04-21T05:09:15.022Z - [ INFO ] - All Good!!
2024-04-21T05:09:24.157Z - [ INFO ] - Server running on port 3001
2024-04-21T05:09:24.253Z - [ INFO ] - All Good!!
2024-04-21T05:09:32.319Z - [ INFO ] - Server running on port 3001
2024-04-21T05:09:32.401Z - [ INFO ] - All Good!!
